<?xml version="1.0" encoding="UTF-8"?>
<testng-results skipped="0" failed="0" ignored="0" total="1" passed="1">
  <reporter-output>
    <line>
      <![CDATA[<div "result">I logged into suiteCRM (PASSED : 16s)</div>]]>
    </line>
    <line>
      <![CDATA[<div "result">I validate contacts with data in excel sheet &quot;FirstSheet.xlsx&quot; and &quot;Sheet1&quot; (PASSED : 25s)</div>]]>
    </line>
  </reporter-output>
  <suite name="Default suite" duration-ms="42489" started-at="2018-03-29T16:13:10Z" finished-at="2018-03-29T16:13:53Z">
    <groups>
      <group name="cucumber">
        <method signature="AbstractTestNGCucumberTests.runScenario(cucumber.api.testng.PickleEventWrapper, cucumber.api.testng.CucumberFeatureWrapper)[pri:0, instance:com.app.runners.CukesRunner@13deb50e]" name="runScenario" class="cucumber.api.testng.AbstractTestNGCucumberTests"/>
      </group> <!-- cucumber -->
    </groups>
    <test name="Default test" duration-ms="42489" started-at="2018-03-29T16:13:10Z" finished-at="2018-03-29T16:13:53Z">
      <class name="com.app.runners.CukesRunner">
        <test-method status="PASS" signature="setUpClass()[pri:0, instance:com.app.runners.CukesRunner@13deb50e]" name="setUpClass" is-config="true" duration-ms="209" started-at="2018-03-29T11:13:10Z" finished-at="2018-03-29T11:13:11Z">
          <reporter-output>
          </reporter-output>
        </test-method> <!-- setUpClass -->
        <test-method status="PASS" signature="runScenario(cucumber.api.testng.PickleEventWrapper, cucumber.api.testng.CucumberFeatureWrapper)[pri:0, instance:com.app.runners.CukesRunner@13deb50e]" name="runScenario" duration-ms="42169" started-at="2018-03-29T11:13:11Z" description="Runs Cucumber Scenarios" data-provider="scenarios" finished-at="2018-03-29T11:13:53Z">
          <params>
            <param index="0">
              <value>
                <![CDATA["Contact search with data excel sheet"]]>
              </value>
            </param>
            <param index="1">
              <value>
                <![CDATA["Contact Search"]]>
              </value>
            </param>
          </params>
          <reporter-output>
            <line>
              <![CDATA[<div "result">I logged into suiteCRM (PASSED : 16s)</div>]]>
            </line>
            <line>
              <![CDATA[<div "result">I validate contacts with data in excel sheet &quot;FirstSheet.xlsx&quot; and &quot;Sheet1&quot; (PASSED : 25s)</div>]]>
            </line>
          </reporter-output>
        </test-method> <!-- runScenario -->
        <test-method status="PASS" signature="tearDownClass()[pri:0, instance:com.app.runners.CukesRunner@13deb50e]" name="tearDownClass" is-config="true" duration-ms="14" started-at="2018-03-29T11:13:53Z" finished-at="2018-03-29T11:13:53Z">
          <reporter-output>
          </reporter-output>
        </test-method> <!-- tearDownClass -->
      </class> <!-- com.app.runners.CukesRunner -->
    </test> <!-- Default test -->
  </suite> <!-- Default suite -->
</testng-results>
